<?xml version="1.0" encoding="UTF-8"?>
<!-- Generated by org.testng.reporters.JUnitXMLReporter -->
<testsuite ignored="2" hostname="shankar2129" failures="0" tests="12" name="Test" time="0.297" errors="0" timestamp="2023-07-24T16:23:16 IST">
  <testcase classname="demo.loginpage" name="testcase1" time="0.023"/>
  <testcase classname="demo.loginpage" name="testcase2" time="0.005"/>
  <testcase classname="demo.loginpage" name="testcase3" time="0.006"/>
  <testcase classname="demo.loginpage" name="testcase4" time="0.003"/>
  <testcase classname="demo.demo" name="testcase5" time="0.003"/>
  <testcase classname="demo.demo" name="testcase3" time="0.009"/>
  <testcase classname="demo.loginpage" name="testcase5" time="0.006"/>
  <testcase classname="demo.loginpage" name="testcase6" time="0.005"/>
  <testcase classname="demo.demo" name="testcase2" time="0.004"/>
  <testcase classname="demo.demo" name="testcase2" time="0.003"/>
  <testcase classname="demo.demo" name="testcase2" time="0.009"/>
  <testcase classname="demo.demo" name="testcase2" time="0.004"/>
  <testcase classname="demo.demo" name="testcase1" time="0.0">
    <ignored/>
  </testcase> <!-- testcase1 -->
  <testcase classname="demo.demo" name="testcase4" time="0.0">
    <ignored/>
  </testcase> <!-- testcase4 -->
</testsuite> <!-- Test -->
