<?xml version="1.0" encoding="UTF-8"?>
<testng-results ignored="0" total="1" passed="1" failed="0" skipped="0">
  <reporter-output>
  </reporter-output>
  <suite started-at="2023-07-24T16:33:14 IST" name="Default suite" finished-at="2023-07-24T16:33:14 IST" duration-ms="107">
    <groups>
    </groups>
    <test started-at="2023-07-24T16:33:14 IST" name="Default test" finished-at="2023-07-24T16:33:14 IST" duration-ms="107">
      <class name="demo.Grouping_demo">
        <test-method is-config="true" signature="atest()[pri:0, instance:demo.Grouping_demo@5d0a1059]" started-at="2023-07-24T16:33:14 IST" name="atest" finished-at="2023-07-24T16:33:14 IST" duration-ms="17" status="PASS">
          <reporter-output>
          </reporter-output>
        </test-method> <!-- atest -->
        <test-method signature="seeet()[pri:0, instance:demo.Grouping_demo@5d0a1059]" started-at="2023-07-24T16:33:14 IST" name="seeet" finished-at="2023-07-24T16:33:14 IST" duration-ms="13" status="PASS">
          <reporter-output>
          </reporter-output>
        </test-method> <!-- seeet -->
        <test-method is-config="true" signature="btest()[pri:0, instance:demo.Grouping_demo@5d0a1059]" started-at="2023-07-24T16:33:14 IST" name="btest" finished-at="2023-07-24T16:33:14 IST" duration-ms="2" status="PASS">
          <reporter-output>
          </reporter-output>
        </test-method> <!-- btest -->
      </class> <!-- demo.Grouping_demo -->
    </test> <!-- Default test -->
  </suite> <!-- Default suite -->
</testng-results>
